<?xml version="1.0" encoding="UTF-8"?>
<!-- Generated by org.testng.reporters.JUnitReportReporter -->
<testsuite hostname="LAPTOP-EO661FJC" failures="0" tests="1" name="Ram.Luv" time="0.012" errors="0" timestamp="2023-05-07T22:54:05 IST" skipped="0">
  <testcase classname="Ram.Luv" name="apple" time="0.012"/>
  <system-out>
    <![CDATA[ i am apple]]>
  </system-out>
</testsuite> <!-- Ram.Luv -->
