<?xml version="1.0" encoding="UTF-8"?>
<!-- Generated by org.testng.reporters.JUnitReportReporter -->
<testsuite hostname="LAPTOP-EO661FJC" failures="0" tests="2" name="Ram.Sita" time="0.004" errors="0" timestamp="2023-05-07T22:54:05 IST" skipped="0">
  <testcase classname="Ram.Sita" name="jackFruit" time="0.001"/>
  <system-out>
    <![CDATA[ i am jackFruit]]>
  </system-out>
  <testcase classname="Ram.Sita" name="tamato" time="0.003"/>
  <system-out>
    <![CDATA[ i am tomato]]>
  </system-out>
</testsuite> <!-- Ram.Sita -->
