<?xml version="1.0" encoding="UTF-8"?>
<!-- Generated by org.testng.reporters.JUnitReportReporter -->
<testsuite hostname="LAPTOP-EO661FJC" failures="0" tests="2" name="Ram.Kush" time="0.006" errors="0" timestamp="2023-05-07T22:54:05 IST" skipped="0">
  <testcase classname="Ram.Kush" name="silly" time="0.002"/>
  <system-out>
    <![CDATA[ i am silly]]>
  </system-out>
  <testcase classname="Ram.Kush" name="skill" time="0.004"/>
  <system-out>
    <![CDATA[ i am skill]]>
  </system-out>
</testsuite> <!-- Ram.Kush -->
