<?xml version="1.0" encoding="UTF-8"?>
<!-- Generated by org.testng.reporters.JUnitReportReporter -->
<testsuite hostname="LAPTOP-EO661FJC" failures="0" tests="1" name="Ram.Laxman" time="0.002" errors="0" timestamp="2023-05-07T22:54:05 IST" skipped="0">
  <testcase classname="Ram.Laxman" name="big" time="0.002"/>
  <system-out>
    <![CDATA[ i am big]]>
  </system-out>
</testsuite> <!-- Ram.Laxman -->
